<?xml version="1.0" encoding="UTF-8"?>
<!-- Generated by org.testng.reporters.JUnitXMLReporter -->
<testsuite ignored="0" hostname="MacBook-Air-de-Jorge.local" failures="0" tests="84" name="Command line test" time="0.286" errors="0" timestamp="2021-10-23T16:10:04 PET">
  <testcase classname="pc1.CamionTest" name="Test01_abastecer_Fail" time="0.039"/>
  <testcase classname="pc1.CamionTest" name="Test01_abastecer_OK" time="0.01"/>
  <testcase classname="pc1.CamionTest" name="Test01_fuelCantidad_Fail" time="0.002"/>
  <testcase classname="pc1.CamionTest" name="Test01_fuelCantidad_OK" time="0.009"/>
  <testcase classname="pc1.CamionTest" name="Test02_Stress" time="0.0"/>
  <testcase classname="pc1.CamionTest" name="Test02_Stress" time="0.0"/>
  <testcase classname="pc1.CamionTest" name="Test02_Stress" time="0.0"/>
  <testcase classname="pc1.CamionTest" name="Test02_Stress" time="0.0"/>
  <testcase classname="pc1.CamionTest" name="Test02_Stress" time="0.0"/>
  <testcase classname="pc1.CamionTest" name="Test02_Stress" time="0.0"/>
  <testcase classname="pc1.CamionTest" name="Test02_Stress" time="0.0"/>
  <testcase classname="pc1.CamionTest" name="Test02_Stress" time="0.0"/>
  <testcase classname="pc1.CamionTest" name="Test02_Stress" time="0.0"/>
  <testcase classname="pc1.CamionTest" name="Test02_Stress" time="0.001"/>
  <testcase classname="pc1.CamionTest" name="Test02_Stress" time="0.0"/>
  <testcase classname="pc1.CamionTest" name="Test02_Stress" time="0.0"/>
  <testcase classname="pc1.CamionTest" name="Test02_Stress" time="0.0"/>
  <testcase classname="pc1.CamionTest" name="Test02_Stress" time="0.0"/>
  <testcase classname="pc1.CamionTest" name="Test02_Stress" time="0.0"/>
  <testcase classname="pc1.CamionTest" name="Test02_Stress" time="0.002"/>
  <testcase classname="pc1.CamionTest" name="Test02_Stress" time="0.0"/>
  <testcase classname="pc1.CamionTest" name="Test02_Stress" time="0.0"/>
  <testcase classname="pc1.CamionTest" name="Test02_Stress" time="0.001"/>
  <testcase classname="pc1.CamionTest" name="Test02_Stress" time="0.001"/>
  <testcase classname="pc1.CamionTest" name="Test02_Stress" time="0.0"/>
  <testcase classname="pc1.CamionTest" name="Test02_Stress" time="0.0"/>
  <testcase classname="pc1.CamionTest" name="Test02_Stress" time="0.0"/>
  <testcase classname="pc1.CamionTest" name="Test02_Stress" time="0.0"/>
  <testcase classname="pc1.CamionTest" name="Test02_Stress" time="0.0"/>
  <testcase classname="pc1.CamionTest" name="Test02_Stress" time="0.0"/>
  <testcase classname="pc1.CamionTest" name="Test02_Stress" time="0.001"/>
  <testcase classname="pc1.CamionTest" name="Test02_Stress" time="0.001"/>
  <testcase classname="pc1.CamionTest" name="Test02_Stress" time="0.0"/>
  <testcase classname="pc1.CamionTest" name="Test02_Stress" time="0.0"/>
  <testcase classname="pc1.CamionTest" name="Test02_Stress" time="0.001"/>
  <testcase classname="pc1.CamionTest" name="Test02_Stress" time="0.0"/>
  <testcase classname="pc1.CamionTest" name="Test02_Stress" time="0.002"/>
  <testcase classname="pc1.CamionTest" name="Test02_Stress" time="0.0"/>
  <testcase classname="pc1.CamionTest" name="Test02_Stress" time="0.001"/>
  <testcase classname="pc1.CamionTest" name="Test02_Stress" time="0.001"/>
  <testcase classname="pc1.CamionTest" name="Test02_Stress" time="0.0"/>
  <testcase classname="pc1.CamionTest" name="Test02_Stress" time="0.001"/>
  <testcase classname="pc1.CamionTest" name="Test02_Stress" time="0.0"/>
  <testcase classname="pc1.CamionTest" name="Test02_Stress" time="0.0"/>
  <testcase classname="pc1.CamionTest" name="Test02_Stress" time="0.001"/>
  <testcase classname="pc1.CamionTest" name="Test02_Stress" time="0.0"/>
  <testcase classname="pc1.CamionTest" name="Test02_Stress" time="0.001"/>
  <testcase classname="pc1.CamionTest" name="Test02_Stress" time="0.0"/>
  <testcase classname="pc1.CamionTest" name="Test02_Stress" time="0.0"/>
  <testcase classname="pc1.CamionTest" name="Test02_Stress" time="0.0"/>
  <testcase classname="pc1.CamionTest" name="Test02_Stress" time="0.0"/>
  <testcase classname="pc1.CamionTest" name="Test02_Stress" time="0.001"/>
  <testcase classname="pc1.CamionTest" name="Test02_Stress" time="0.001"/>
  <testcase classname="pc1.CamionTest" name="Test02_Stress" time="0.0"/>
  <testcase classname="pc1.CamionTest" name="Test02_Stress" time="0.001"/>
  <testcase classname="pc1.CamionTest" name="Test02_Stress" time="0.0"/>
  <testcase classname="pc1.CamionTest" name="Test02_Stress" time="0.001"/>
  <testcase classname="pc1.CamionTest" name="Test02_Stress" time="0.0"/>
  <testcase classname="pc1.CamionTest" name="Test02_Stress" time="0.001"/>
  <testcase classname="pc1.CamionTest" name="Test02_Stress" time="0.001"/>
  <testcase classname="pc1.CamionTest" name="Test02_Stress" time="0.0"/>
  <testcase classname="pc1.CamionTest" name="Test02_Stress" time="0.0"/>
  <testcase classname="pc1.CamionTest" name="Test02_Stress" time="0.0"/>
  <testcase classname="pc1.CamionTest" name="Test02_Stress" time="0.0"/>
  <testcase classname="pc1.CamionTest" name="Test02_Stress" time="0.001"/>
  <testcase classname="pc1.CamionTest" name="Test02_Stress" time="0.001"/>
  <testcase classname="pc1.CamionTest" name="Test02_Stress" time="0.0"/>
  <testcase classname="pc1.CamionTest" name="Test02_Stress" time="0.0"/>
  <testcase classname="pc1.CamionTest" name="Test02_Stress" time="0.0"/>
  <testcase classname="pc1.CamionTest" name="Test02_Stress" time="0.0"/>
  <testcase classname="pc1.CamionTest" name="Test02_Stress" time="0.0"/>
  <testcase classname="pc1.CamionTest" name="Test02_Stress" time="0.0"/>
  <testcase classname="pc1.CamionTest" name="Test02_Stress" time="0.001"/>
  <testcase classname="pc1.CamionTest" name="Test02_Stress" time="0.001"/>
  <testcase classname="pc1.CamionTest" name="Test02_Stress" time="0.001"/>
  <testcase classname="pc1.CamionTest" name="Test02_Stress" time="0.0"/>
  <testcase classname="pc1.CamionTest" name="Test02_Stress" time="0.0"/>
  <testcase classname="pc1.CamionTest" name="Test02_Stress" time="0.0"/>
  <testcase classname="pc1.CamionTest" name="Test02_Stress" time="0.0"/>
  <testcase classname="pc1.CamionTest" name="Test02_Stress" time="0.0"/>
  <testcase classname="pc1.CamionTest" name="Test02_Stress" time="0.0"/>
  <testcase classname="pc1.CamionTest" name="Test02_Stress" time="0.0"/>
  <testcase classname="pc1.CamionTest" name="Test02_Stress" time="0.0"/>
  <testcase classname="pc1.CamionTest" name="Test02_Stress" time="0.001"/>
</testsuite> <!-- Command line test -->
