<?xml version="1.0" encoding="UTF-8"?>
<!-- Generated by org.testng.reporters.JUnitXMLReporter -->
<testsuite ignored="0" hostname="MacBook-Air-de-Jorge.local" failures="0" tests="6" name="Command line test" time="0.58" errors="0" timestamp="2021-11-06T18:08:08 PET">
  <testcase classname="pc.LibroTest" name="variables" time="0.03"/>
  <testcase classname="pc.OfertaTest" name="variables" time="0.003"/>
  <testcase classname="pc.AutorTest" name="variables" time="0.0"/>
  <testcase classname="pc.EstudianteTest" name="variables" time="0.372"/>
  <testcase classname="pc.OliverVirtualTest" name="test" time="0.01"/>
  <testcase classname="pc.MainTest" name="main" time="0.005"/>
</testsuite> <!-- Command line test -->
