<?xml version="1.0" encoding="UTF-8"?>
<testng-results ignored="0" total="84" passed="84" failed="0" skipped="0">
  <reporter-output>
  </reporter-output>
  <suite started-at="2021-10-23T16:10:04 PET" name="pc1.CamionTest" finished-at="2021-10-23T16:10:04 PET" duration-ms="286">
    <groups>
    </groups>
    <test started-at="2021-10-23T16:10:04 PET" name="Command line test" finished-at="2021-10-23T16:10:04 PET" duration-ms="286">
      <class name="pc1.CamionTest">
        <test-method signature="Test01_abastecer_Fail()[pri:0, instance:pc1.CamionTest@465232e9]" started-at="2021-10-23T16:10:04 PET" name="Test01_abastecer_Fail" finished-at="2021-10-23T16:10:04 PET" duration-ms="39" status="PASS">
          <reporter-output>
          </reporter-output>
        </test-method> <!-- Test01_abastecer_Fail -->
        <test-method signature="Test01_abastecer_OK()[pri:0, instance:pc1.CamionTest@465232e9]" started-at="2021-10-23T16:10:04 PET" name="Test01_abastecer_OK" finished-at="2021-10-23T16:10:04 PET" duration-ms="10" status="PASS">
          <reporter-output>
          </reporter-output>
        </test-method> <!-- Test01_abastecer_OK -->
        <test-method signature="Test01_fuelCantidad_Fail()[pri:0, instance:pc1.CamionTest@465232e9]" started-at="2021-10-23T16:10:04 PET" name="Test01_fuelCantidad_Fail" finished-at="2021-10-23T16:10:04 PET" duration-ms="2" status="PASS">
          <reporter-output>
          </reporter-output>
        </test-method> <!-- Test01_fuelCantidad_Fail -->
        <test-method signature="Test01_fuelCantidad_OK()[pri:0, instance:pc1.CamionTest@465232e9]" started-at="2021-10-23T16:10:04 PET" name="Test01_fuelCantidad_OK" finished-at="2021-10-23T16:10:04 PET" duration-ms="9" status="PASS">
          <reporter-output>
          </reporter-output>
        </test-method> <!-- Test01_fuelCantidad_OK -->
        <test-method signature="Test02_Stress()[pri:0, instance:pc1.CamionTest@465232e9]" started-at="2021-10-23T16:10:04 PET" name="Test02_Stress" finished-at="2021-10-23T16:10:04 PET" duration-ms="0" status="PASS">
          <reporter-output>
          </reporter-output>
        </test-method> <!-- Test02_Stress -->
        <test-method signature="Test02_Stress()[pri:0, instance:pc1.CamionTest@465232e9]" started-at="2021-10-23T16:10:04 PET" name="Test02_Stress" finished-at="2021-10-23T16:10:04 PET" duration-ms="0" status="PASS">
          <reporter-output>
          </reporter-output>
        </test-method> <!-- Test02_Stress -->
        <test-method signature="Test02_Stress()[pri:0, instance:pc1.CamionTest@465232e9]" started-at="2021-10-23T16:10:04 PET" name="Test02_Stress" finished-at="2021-10-23T16:10:04 PET" duration-ms="0" status="PASS">
          <reporter-output>
          </reporter-output>
        </test-method> <!-- Test02_Stress -->
        <test-method signature="Test02_Stress()[pri:0, instance:pc1.CamionTest@465232e9]" started-at="2021-10-23T16:10:04 PET" name="Test02_Stress" finished-at="2021-10-23T16:10:04 PET" duration-ms="0" status="PASS">
          <reporter-output>
          </reporter-output>
        </test-method> <!-- Test02_Stress -->
        <test-method signature="Test02_Stress()[pri:0, instance:pc1.CamionTest@465232e9]" started-at="2021-10-23T16:10:04 PET" name="Test02_Stress" finished-at="2021-10-23T16:10:04 PET" duration-ms="0" status="PASS">
          <reporter-output>
          </reporter-output>
        </test-method> <!-- Test02_Stress -->
        <test-method signature="Test02_Stress()[pri:0, instance:pc1.CamionTest@465232e9]" started-at="2021-10-23T16:10:04 PET" name="Test02_Stress" finished-at="2021-10-23T16:10:04 PET" duration-ms="0" status="PASS">
          <reporter-output>
          </reporter-output>
        </test-method> <!-- Test02_Stress -->
        <test-method signature="Test02_Stress()[pri:0, instance:pc1.CamionTest@465232e9]" started-at="2021-10-23T16:10:04 PET" name="Test02_Stress" finished-at="2021-10-23T16:10:04 PET" duration-ms="0" status="PASS">
          <reporter-output>
          </reporter-output>
        </test-method> <!-- Test02_Stress -->
        <test-method signature="Test02_Stress()[pri:0, instance:pc1.CamionTest@465232e9]" started-at="2021-10-23T16:10:04 PET" name="Test02_Stress" finished-at="2021-10-23T16:10:04 PET" duration-ms="0" status="PASS">
          <reporter-output>
          </reporter-output>
        </test-method> <!-- Test02_Stress -->
        <test-method signature="Test02_Stress()[pri:0, instance:pc1.CamionTest@465232e9]" started-at="2021-10-23T16:10:04 PET" name="Test02_Stress" finished-at="2021-10-23T16:10:04 PET" duration-ms="0" status="PASS">
          <reporter-output>
          </reporter-output>
        </test-method> <!-- Test02_Stress -->
        <test-method signature="Test02_Stress()[pri:0, instance:pc1.CamionTest@465232e9]" started-at="2021-10-23T16:10:04 PET" name="Test02_Stress" finished-at="2021-10-23T16:10:04 PET" duration-ms="1" status="PASS">
          <reporter-output>
          </reporter-output>
        </test-method> <!-- Test02_Stress -->
        <test-method signature="Test02_Stress()[pri:0, instance:pc1.CamionTest@465232e9]" started-at="2021-10-23T16:10:04 PET" name="Test02_Stress" finished-at="2021-10-23T16:10:04 PET" duration-ms="0" status="PASS">
          <reporter-output>
          </reporter-output>
        </test-method> <!-- Test02_Stress -->
        <test-method signature="Test02_Stress()[pri:0, instance:pc1.CamionTest@465232e9]" started-at="2021-10-23T16:10:04 PET" name="Test02_Stress" finished-at="2021-10-23T16:10:04 PET" duration-ms="0" status="PASS">
          <reporter-output>
          </reporter-output>
        </test-method> <!-- Test02_Stress -->
        <test-method signature="Test02_Stress()[pri:0, instance:pc1.CamionTest@465232e9]" started-at="2021-10-23T16:10:04 PET" name="Test02_Stress" finished-at="2021-10-23T16:10:04 PET" duration-ms="0" status="PASS">
          <reporter-output>
          </reporter-output>
        </test-method> <!-- Test02_Stress -->
        <test-method signature="Test02_Stress()[pri:0, instance:pc1.CamionTest@465232e9]" started-at="2021-10-23T16:10:04 PET" name="Test02_Stress" finished-at="2021-10-23T16:10:04 PET" duration-ms="0" status="PASS">
          <reporter-output>
          </reporter-output>
        </test-method> <!-- Test02_Stress -->
        <test-method signature="Test02_Stress()[pri:0, instance:pc1.CamionTest@465232e9]" started-at="2021-10-23T16:10:04 PET" name="Test02_Stress" finished-at="2021-10-23T16:10:04 PET" duration-ms="0" status="PASS">
          <reporter-output>
          </reporter-output>
        </test-method> <!-- Test02_Stress -->
        <test-method signature="Test02_Stress()[pri:0, instance:pc1.CamionTest@465232e9]" started-at="2021-10-23T16:10:04 PET" name="Test02_Stress" finished-at="2021-10-23T16:10:04 PET" duration-ms="2" status="PASS">
          <reporter-output>
          </reporter-output>
        </test-method> <!-- Test02_Stress -->
        <test-method signature="Test02_Stress()[pri:0, instance:pc1.CamionTest@465232e9]" started-at="2021-10-23T16:10:04 PET" name="Test02_Stress" finished-at="2021-10-23T16:10:04 PET" duration-ms="0" status="PASS">
          <reporter-output>
          </reporter-output>
        </test-method> <!-- Test02_Stress -->
        <test-method signature="Test02_Stress()[pri:0, instance:pc1.CamionTest@465232e9]" started-at="2021-10-23T16:10:04 PET" name="Test02_Stress" finished-at="2021-10-23T16:10:04 PET" duration-ms="0" status="PASS">
          <reporter-output>
          </reporter-output>
        </test-method> <!-- Test02_Stress -->
        <test-method signature="Test02_Stress()[pri:0, instance:pc1.CamionTest@465232e9]" started-at="2021-10-23T16:10:04 PET" name="Test02_Stress" finished-at="2021-10-23T16:10:04 PET" duration-ms="1" status="PASS">
          <reporter-output>
          </reporter-output>
        </test-method> <!-- Test02_Stress -->
        <test-method signature="Test02_Stress()[pri:0, instance:pc1.CamionTest@465232e9]" started-at="2021-10-23T16:10:04 PET" name="Test02_Stress" finished-at="2021-10-23T16:10:04 PET" duration-ms="1" status="PASS">
          <reporter-output>
          </reporter-output>
        </test-method> <!-- Test02_Stress -->
        <test-method signature="Test02_Stress()[pri:0, instance:pc1.CamionTest@465232e9]" started-at="2021-10-23T16:10:04 PET" name="Test02_Stress" finished-at="2021-10-23T16:10:04 PET" duration-ms="0" status="PASS">
          <reporter-output>
          </reporter-output>
        </test-method> <!-- Test02_Stress -->
        <test-method signature="Test02_Stress()[pri:0, instance:pc1.CamionTest@465232e9]" started-at="2021-10-23T16:10:04 PET" name="Test02_Stress" finished-at="2021-10-23T16:10:04 PET" duration-ms="0" status="PASS">
          <reporter-output>
          </reporter-output>
        </test-method> <!-- Test02_Stress -->
        <test-method signature="Test02_Stress()[pri:0, instance:pc1.CamionTest@465232e9]" started-at="2021-10-23T16:10:04 PET" name="Test02_Stress" finished-at="2021-10-23T16:10:04 PET" duration-ms="0" status="PASS">
          <reporter-output>
          </reporter-output>
        </test-method> <!-- Test02_Stress -->
        <test-method signature="Test02_Stress()[pri:0, instance:pc1.CamionTest@465232e9]" started-at="2021-10-23T16:10:04 PET" name="Test02_Stress" finished-at="2021-10-23T16:10:04 PET" duration-ms="0" status="PASS">
          <reporter-output>
          </reporter-output>
        </test-method> <!-- Test02_Stress -->
        <test-method signature="Test02_Stress()[pri:0, instance:pc1.CamionTest@465232e9]" started-at="2021-10-23T16:10:04 PET" name="Test02_Stress" finished-at="2021-10-23T16:10:04 PET" duration-ms="0" status="PASS">
          <reporter-output>
          </reporter-output>
        </test-method> <!-- Test02_Stress -->
        <test-method signature="Test02_Stress()[pri:0, instance:pc1.CamionTest@465232e9]" started-at="2021-10-23T16:10:04 PET" name="Test02_Stress" finished-at="2021-10-23T16:10:04 PET" duration-ms="0" status="PASS">
          <reporter-output>
          </reporter-output>
        </test-method> <!-- Test02_Stress -->
        <test-method signature="Test02_Stress()[pri:0, instance:pc1.CamionTest@465232e9]" started-at="2021-10-23T16:10:04 PET" name="Test02_Stress" finished-at="2021-10-23T16:10:04 PET" duration-ms="1" status="PASS">
          <reporter-output>
          </reporter-output>
        </test-method> <!-- Test02_Stress -->
        <test-method signature="Test02_Stress()[pri:0, instance:pc1.CamionTest@465232e9]" started-at="2021-10-23T16:10:04 PET" name="Test02_Stress" finished-at="2021-10-23T16:10:04 PET" duration-ms="1" status="PASS">
          <reporter-output>
          </reporter-output>
        </test-method> <!-- Test02_Stress -->
        <test-method signature="Test02_Stress()[pri:0, instance:pc1.CamionTest@465232e9]" started-at="2021-10-23T16:10:04 PET" name="Test02_Stress" finished-at="2021-10-23T16:10:04 PET" duration-ms="0" status="PASS">
          <reporter-output>
          </reporter-output>
        </test-method> <!-- Test02_Stress -->
        <test-method signature="Test02_Stress()[pri:0, instance:pc1.CamionTest@465232e9]" started-at="2021-10-23T16:10:04 PET" name="Test02_Stress" finished-at="2021-10-23T16:10:04 PET" duration-ms="0" status="PASS">
          <reporter-output>
          </reporter-output>
        </test-method> <!-- Test02_Stress -->
        <test-method signature="Test02_Stress()[pri:0, instance:pc1.CamionTest@465232e9]" started-at="2021-10-23T16:10:04 PET" name="Test02_Stress" finished-at="2021-10-23T16:10:04 PET" duration-ms="1" status="PASS">
          <reporter-output>
          </reporter-output>
        </test-method> <!-- Test02_Stress -->
        <test-method signature="Test02_Stress()[pri:0, instance:pc1.CamionTest@465232e9]" started-at="2021-10-23T16:10:04 PET" name="Test02_Stress" finished-at="2021-10-23T16:10:04 PET" duration-ms="0" status="PASS">
          <reporter-output>
          </reporter-output>
        </test-method> <!-- Test02_Stress -->
        <test-method signature="Test02_Stress()[pri:0, instance:pc1.CamionTest@465232e9]" started-at="2021-10-23T16:10:04 PET" name="Test02_Stress" finished-at="2021-10-23T16:10:04 PET" duration-ms="2" status="PASS">
          <reporter-output>
          </reporter-output>
        </test-method> <!-- Test02_Stress -->
        <test-method signature="Test02_Stress()[pri:0, instance:pc1.CamionTest@465232e9]" started-at="2021-10-23T16:10:04 PET" name="Test02_Stress" finished-at="2021-10-23T16:10:04 PET" duration-ms="0" status="PASS">
          <reporter-output>
          </reporter-output>
        </test-method> <!-- Test02_Stress -->
        <test-method signature="Test02_Stress()[pri:0, instance:pc1.CamionTest@465232e9]" started-at="2021-10-23T16:10:04 PET" name="Test02_Stress" finished-at="2021-10-23T16:10:04 PET" duration-ms="1" status="PASS">
          <reporter-output>
          </reporter-output>
        </test-method> <!-- Test02_Stress -->
        <test-method signature="Test02_Stress()[pri:0, instance:pc1.CamionTest@465232e9]" started-at="2021-10-23T16:10:04 PET" name="Test02_Stress" finished-at="2021-10-23T16:10:04 PET" duration-ms="1" status="PASS">
          <reporter-output>
          </reporter-output>
        </test-method> <!-- Test02_Stress -->
        <test-method signature="Test02_Stress()[pri:0, instance:pc1.CamionTest@465232e9]" started-at="2021-10-23T16:10:04 PET" name="Test02_Stress" finished-at="2021-10-23T16:10:04 PET" duration-ms="0" status="PASS">
          <reporter-output>
          </reporter-output>
        </test-method> <!-- Test02_Stress -->
        <test-method signature="Test02_Stress()[pri:0, instance:pc1.CamionTest@465232e9]" started-at="2021-10-23T16:10:04 PET" name="Test02_Stress" finished-at="2021-10-23T16:10:04 PET" duration-ms="1" status="PASS">
          <reporter-output>
          </reporter-output>
        </test-method> <!-- Test02_Stress -->
        <test-method signature="Test02_Stress()[pri:0, instance:pc1.CamionTest@465232e9]" started-at="2021-10-23T16:10:04 PET" name="Test02_Stress" finished-at="2021-10-23T16:10:04 PET" duration-ms="0" status="PASS">
          <reporter-output>
          </reporter-output>
        </test-method> <!-- Test02_Stress -->
        <test-method signature="Test02_Stress()[pri:0, instance:pc1.CamionTest@465232e9]" started-at="2021-10-23T16:10:04 PET" name="Test02_Stress" finished-at="2021-10-23T16:10:04 PET" duration-ms="0" status="PASS">
          <reporter-output>
          </reporter-output>
        </test-method> <!-- Test02_Stress -->
        <test-method signature="Test02_Stress()[pri:0, instance:pc1.CamionTest@465232e9]" started-at="2021-10-23T16:10:04 PET" name="Test02_Stress" finished-at="2021-10-23T16:10:04 PET" duration-ms="1" status="PASS">
          <reporter-output>
          </reporter-output>
        </test-method> <!-- Test02_Stress -->
        <test-method signature="Test02_Stress()[pri:0, instance:pc1.CamionTest@465232e9]" started-at="2021-10-23T16:10:04 PET" name="Test02_Stress" finished-at="2021-10-23T16:10:04 PET" duration-ms="0" status="PASS">
          <reporter-output>
          </reporter-output>
        </test-method> <!-- Test02_Stress -->
        <test-method signature="Test02_Stress()[pri:0, instance:pc1.CamionTest@465232e9]" started-at="2021-10-23T16:10:04 PET" name="Test02_Stress" finished-at="2021-10-23T16:10:04 PET" duration-ms="1" status="PASS">
          <reporter-output>
          </reporter-output>
        </test-method> <!-- Test02_Stress -->
        <test-method signature="Test02_Stress()[pri:0, instance:pc1.CamionTest@465232e9]" started-at="2021-10-23T16:10:04 PET" name="Test02_Stress" finished-at="2021-10-23T16:10:04 PET" duration-ms="0" status="PASS">
          <reporter-output>
          </reporter-output>
        </test-method> <!-- Test02_Stress -->
        <test-method signature="Test02_Stress()[pri:0, instance:pc1.CamionTest@465232e9]" started-at="2021-10-23T16:10:04 PET" name="Test02_Stress" finished-at="2021-10-23T16:10:04 PET" duration-ms="0" status="PASS">
          <reporter-output>
          </reporter-output>
        </test-method> <!-- Test02_Stress -->
        <test-method signature="Test02_Stress()[pri:0, instance:pc1.CamionTest@465232e9]" started-at="2021-10-23T16:10:04 PET" name="Test02_Stress" finished-at="2021-10-23T16:10:04 PET" duration-ms="0" status="PASS">
          <reporter-output>
          </reporter-output>
        </test-method> <!-- Test02_Stress -->
        <test-method signature="Test02_Stress()[pri:0, instance:pc1.CamionTest@465232e9]" started-at="2021-10-23T16:10:04 PET" name="Test02_Stress" finished-at="2021-10-23T16:10:04 PET" duration-ms="0" status="PASS">
          <reporter-output>
          </reporter-output>
        </test-method> <!-- Test02_Stress -->
        <test-method signature="Test02_Stress()[pri:0, instance:pc1.CamionTest@465232e9]" started-at="2021-10-23T16:10:04 PET" name="Test02_Stress" finished-at="2021-10-23T16:10:04 PET" duration-ms="1" status="PASS">
          <reporter-output>
          </reporter-output>
        </test-method> <!-- Test02_Stress -->
        <test-method signature="Test02_Stress()[pri:0, instance:pc1.CamionTest@465232e9]" started-at="2021-10-23T16:10:04 PET" name="Test02_Stress" finished-at="2021-10-23T16:10:04 PET" duration-ms="1" status="PASS">
          <reporter-output>
          </reporter-output>
        </test-method> <!-- Test02_Stress -->
        <test-method signature="Test02_Stress()[pri:0, instance:pc1.CamionTest@465232e9]" started-at="2021-10-23T16:10:04 PET" name="Test02_Stress" finished-at="2021-10-23T16:10:04 PET" duration-ms="0" status="PASS">
          <reporter-output>
          </reporter-output>
        </test-method> <!-- Test02_Stress -->
        <test-method signature="Test02_Stress()[pri:0, instance:pc1.CamionTest@465232e9]" started-at="2021-10-23T16:10:04 PET" name="Test02_Stress" finished-at="2021-10-23T16:10:04 PET" duration-ms="1" status="PASS">
          <reporter-output>
          </reporter-output>
        </test-method> <!-- Test02_Stress -->
        <test-method signature="Test02_Stress()[pri:0, instance:pc1.CamionTest@465232e9]" started-at="2021-10-23T16:10:04 PET" name="Test02_Stress" finished-at="2021-10-23T16:10:04 PET" duration-ms="0" status="PASS">
          <reporter-output>
          </reporter-output>
        </test-method> <!-- Test02_Stress -->
        <test-method signature="Test02_Stress()[pri:0, instance:pc1.CamionTest@465232e9]" started-at="2021-10-23T16:10:04 PET" name="Test02_Stress" finished-at="2021-10-23T16:10:04 PET" duration-ms="1" status="PASS">
          <reporter-output>
          </reporter-output>
        </test-method> <!-- Test02_Stress -->
        <test-method signature="Test02_Stress()[pri:0, instance:pc1.CamionTest@465232e9]" started-at="2021-10-23T16:10:04 PET" name="Test02_Stress" finished-at="2021-10-23T16:10:04 PET" duration-ms="1" status="PASS">
          <reporter-output>
          </reporter-output>
        </test-method> <!-- Test02_Stress -->
        <test-method signature="Test02_Stress()[pri:0, instance:pc1.CamionTest@465232e9]" started-at="2021-10-23T16:10:04 PET" name="Test02_Stress" finished-at="2021-10-23T16:10:04 PET" duration-ms="0" status="PASS">
          <reporter-output>
          </reporter-output>
        </test-method> <!-- Test02_Stress -->
        <test-method signature="Test02_Stress()[pri:0, instance:pc1.CamionTest@465232e9]" started-at="2021-10-23T16:10:04 PET" name="Test02_Stress" finished-at="2021-10-23T16:10:04 PET" duration-ms="1" status="PASS">
          <reporter-output>
          </reporter-output>
        </test-method> <!-- Test02_Stress -->
        <test-method signature="Test02_Stress()[pri:0, instance:pc1.CamionTest@465232e9]" started-at="2021-10-23T16:10:04 PET" name="Test02_Stress" finished-at="2021-10-23T16:10:04 PET" duration-ms="0" status="PASS">
          <reporter-output>
          </reporter-output>
        </test-method> <!-- Test02_Stress -->
        <test-method signature="Test02_Stress()[pri:0, instance:pc1.CamionTest@465232e9]" started-at="2021-10-23T16:10:04 PET" name="Test02_Stress" finished-at="2021-10-23T16:10:04 PET" duration-ms="0" status="PASS">
          <reporter-output>
          </reporter-output>
        </test-method> <!-- Test02_Stress -->
        <test-method signature="Test02_Stress()[pri:0, instance:pc1.CamionTest@465232e9]" started-at="2021-10-23T16:10:04 PET" name="Test02_Stress" finished-at="2021-10-23T16:10:04 PET" duration-ms="0" status="PASS">
          <reporter-output>
          </reporter-output>
        </test-method> <!-- Test02_Stress -->
        <test-method signature="Test02_Stress()[pri:0, instance:pc1.CamionTest@465232e9]" started-at="2021-10-23T16:10:04 PET" name="Test02_Stress" finished-at="2021-10-23T16:10:04 PET" duration-ms="1" status="PASS">
          <reporter-output>
          </reporter-output>
        </test-method> <!-- Test02_Stress -->
        <test-method signature="Test02_Stress()[pri:0, instance:pc1.CamionTest@465232e9]" started-at="2021-10-23T16:10:04 PET" name="Test02_Stress" finished-at="2021-10-23T16:10:04 PET" duration-ms="0" status="PASS">
          <reporter-output>
          </reporter-output>
        </test-method> <!-- Test02_Stress -->
        <test-method signature="Test02_Stress()[pri:0, instance:pc1.CamionTest@465232e9]" started-at="2021-10-23T16:10:04 PET" name="Test02_Stress" finished-at="2021-10-23T16:10:04 PET" duration-ms="1" status="PASS">
          <reporter-output>
          </reporter-output>
        </test-method> <!-- Test02_Stress -->
        <test-method signature="Test02_Stress()[pri:0, instance:pc1.CamionTest@465232e9]" started-at="2021-10-23T16:10:04 PET" name="Test02_Stress" finished-at="2021-10-23T16:10:04 PET" duration-ms="0" status="PASS">
          <reporter-output>
          </reporter-output>
        </test-method> <!-- Test02_Stress -->
        <test-method signature="Test02_Stress()[pri:0, instance:pc1.CamionTest@465232e9]" started-at="2021-10-23T16:10:04 PET" name="Test02_Stress" finished-at="2021-10-23T16:10:04 PET" duration-ms="0" status="PASS">
          <reporter-output>
          </reporter-output>
        </test-method> <!-- Test02_Stress -->
        <test-method signature="Test02_Stress()[pri:0, instance:pc1.CamionTest@465232e9]" started-at="2021-10-23T16:10:04 PET" name="Test02_Stress" finished-at="2021-10-23T16:10:04 PET" duration-ms="0" status="PASS">
          <reporter-output>
          </reporter-output>
        </test-method> <!-- Test02_Stress -->
        <test-method signature="Test02_Stress()[pri:0, instance:pc1.CamionTest@465232e9]" started-at="2021-10-23T16:10:04 PET" name="Test02_Stress" finished-at="2021-10-23T16:10:04 PET" duration-ms="0" status="PASS">
          <reporter-output>
          </reporter-output>
        </test-method> <!-- Test02_Stress -->
        <test-method signature="Test02_Stress()[pri:0, instance:pc1.CamionTest@465232e9]" started-at="2021-10-23T16:10:04 PET" name="Test02_Stress" finished-at="2021-10-23T16:10:04 PET" duration-ms="0" status="PASS">
          <reporter-output>
          </reporter-output>
        </test-method> <!-- Test02_Stress -->
        <test-method signature="Test02_Stress()[pri:0, instance:pc1.CamionTest@465232e9]" started-at="2021-10-23T16:10:04 PET" name="Test02_Stress" finished-at="2021-10-23T16:10:04 PET" duration-ms="1" status="PASS">
          <reporter-output>
          </reporter-output>
        </test-method> <!-- Test02_Stress -->
        <test-method signature="Test02_Stress()[pri:0, instance:pc1.CamionTest@465232e9]" started-at="2021-10-23T16:10:04 PET" name="Test02_Stress" finished-at="2021-10-23T16:10:04 PET" duration-ms="0" status="PASS">
          <reporter-output>
          </reporter-output>
        </test-method> <!-- Test02_Stress -->
        <test-method signature="Test02_Stress()[pri:0, instance:pc1.CamionTest@465232e9]" started-at="2021-10-23T16:10:04 PET" name="Test02_Stress" finished-at="2021-10-23T16:10:04 PET" duration-ms="1" status="PASS">
          <reporter-output>
          </reporter-output>
        </test-method> <!-- Test02_Stress -->
        <test-method signature="Test02_Stress()[pri:0, instance:pc1.CamionTest@465232e9]" started-at="2021-10-23T16:10:04 PET" name="Test02_Stress" finished-at="2021-10-23T16:10:04 PET" duration-ms="1" status="PASS">
          <reporter-output>
          </reporter-output>
        </test-method> <!-- Test02_Stress -->
        <test-method signature="Test02_Stress()[pri:0, instance:pc1.CamionTest@465232e9]" started-at="2021-10-23T16:10:04 PET" name="Test02_Stress" finished-at="2021-10-23T16:10:04 PET" duration-ms="0" status="PASS">
          <reporter-output>
          </reporter-output>
        </test-method> <!-- Test02_Stress -->
        <test-method signature="Test02_Stress()[pri:0, instance:pc1.CamionTest@465232e9]" started-at="2021-10-23T16:10:04 PET" name="Test02_Stress" finished-at="2021-10-23T16:10:04 PET" duration-ms="0" status="PASS">
          <reporter-output>
          </reporter-output>
        </test-method> <!-- Test02_Stress -->
        <test-method signature="Test02_Stress()[pri:0, instance:pc1.CamionTest@465232e9]" started-at="2021-10-23T16:10:04 PET" name="Test02_Stress" finished-at="2021-10-23T16:10:04 PET" duration-ms="0" status="PASS">
          <reporter-output>
          </reporter-output>
        </test-method> <!-- Test02_Stress -->
        <test-method signature="Test02_Stress()[pri:0, instance:pc1.CamionTest@465232e9]" started-at="2021-10-23T16:10:04 PET" name="Test02_Stress" finished-at="2021-10-23T16:10:04 PET" duration-ms="0" status="PASS">
          <reporter-output>
          </reporter-output>
        </test-method> <!-- Test02_Stress -->
        <test-method signature="Test02_Stress()[pri:0, instance:pc1.CamionTest@465232e9]" started-at="2021-10-23T16:10:04 PET" name="Test02_Stress" finished-at="2021-10-23T16:10:04 PET" duration-ms="0" status="PASS">
          <reporter-output>
          </reporter-output>
        </test-method> <!-- Test02_Stress -->
        <test-method signature="Test02_Stress()[pri:0, instance:pc1.CamionTest@465232e9]" started-at="2021-10-23T16:10:04 PET" name="Test02_Stress" finished-at="2021-10-23T16:10:04 PET" duration-ms="0" status="PASS">
          <reporter-output>
          </reporter-output>
        </test-method> <!-- Test02_Stress -->
        <test-method signature="Test02_Stress()[pri:0, instance:pc1.CamionTest@465232e9]" started-at="2021-10-23T16:10:04 PET" name="Test02_Stress" finished-at="2021-10-23T16:10:04 PET" duration-ms="1" status="PASS">
          <reporter-output>
          </reporter-output>
        </test-method> <!-- Test02_Stress -->
        <test-method signature="Test02_Stress()[pri:0, instance:pc1.CamionTest@465232e9]" started-at="2021-10-23T16:10:04 PET" name="Test02_Stress" finished-at="2021-10-23T16:10:04 PET" duration-ms="0" status="PASS">
          <reporter-output>
          </reporter-output>
        </test-method> <!-- Test02_Stress -->
        <test-method signature="Test02_Stress()[pri:0, instance:pc1.CamionTest@465232e9]" started-at="2021-10-23T16:10:04 PET" name="Test02_Stress" finished-at="2021-10-23T16:10:04 PET" duration-ms="0" status="PASS">
          <reporter-output>
          </reporter-output>
        </test-method> <!-- Test02_Stress -->
      </class> <!-- pc1.CamionTest -->
    </test> <!-- Command line test -->
  </suite> <!-- pc1.CamionTest -->
</testng-results>
